<?xml version="1.0" encoding="UTF-8"?>
<!-- Generated by org.testng.reporters.JUnitXMLReporter -->
<testsuite ignored="0" hostname="DESKTOP-E8OTS9J" failures="1" tests="2" name="Test" time="18.946" errors="0" timestamp="2021-11-09T22:20:44 IST">
  <testcase classname="tests.LoginTests" name="login" time="18.873"/>
  <testcase classname="tests.LoginTests" name="login" time="18.897">
    <failure type="java.lang.NullPointerException">
      <![CDATA[java.lang.NullPointerException
at listeners.Listeners.onTestSuccess(Listeners.java:33)
at java.base/java.util.ArrayList.forEach(ArrayList.java:1541)
... Removed 24 stack frames]]>
    </failure>
  </testcase> <!-- login -->
</testsuite> <!-- Test -->
