<?xml version="1.0" encoding="UTF-8"?>
<testng-results ignored="0" total="1" passed="1" failed="0" skipped="0">
  <reporter-output>
  </reporter-output>
  <suite started-at="2021-11-21T20:44:53 IST" name="Suite" finished-at="2021-11-21T20:45:18 IST" duration-ms="25103">
    <groups>
      <group name="cucumber">
        <method signature="AbstractTestNGCucumberTests.runScenario(io.cucumber.testng.PickleWrapper,io.cucumber.testng.FeatureWrapper)[pri:0, instance:runner.Runner@6babf3bf]" name="runScenario" class="io.cucumber.testng.AbstractTestNGCucumberTests"/>
      </group> <!-- cucumber -->
    </groups>
    <test started-at="2021-11-21T20:44:53 IST" name="LoginTest" finished-at="2021-11-21T20:45:18 IST" duration-ms="25103">
      <class name="runner.Runner">
        <test-method is-config="true" signature="setUpClass(org.testng.ITestContext)[pri:0, instance:runner.Runner@6babf3bf]" started-at="2021-11-21T20:44:53 IST" name="setUpClass" finished-at="2021-11-21T20:44:53 IST" duration-ms="422" status="PASS">
          <params>
            <param index="0">
              <value>
                <![CDATA[org.testng.TestRunner@3a230001]]>
              </value>
            </param>
          </params>
          <reporter-output>
          </reporter-output>
        </test-method> <!-- setUpClass -->
        <test-method signature="runScenario(io.cucumber.testng.PickleWrapper,io.cucumber.testng.FeatureWrapper)[pri:0, instance:runner.Runner@6babf3bf]" started-at="2021-11-21T20:44:53 IST" name="runScenario" description="Runs Cucumber Scenarios" data-provider="scenarios" finished-at="2021-11-21T20:45:18 IST" duration-ms="24600" status="PASS">
          <params>
            <param index="0">
              <value>
                <![CDATA["Application Login with valid non admin credentials"]]>
              </value>
            </param>
            <param index="1">
              <value>
                <![CDATA["Optional[Application Login]"]]>
              </value>
            </param>
          </params>
          <reporter-output>
          </reporter-output>
        </test-method> <!-- runScenario -->
        <test-method is-config="true" signature="tearDownClass()[pri:0, instance:runner.Runner@6babf3bf]" started-at="2021-11-21T20:45:18 IST" name="tearDownClass" finished-at="2021-11-21T20:45:18 IST" duration-ms="25" status="PASS">
          <reporter-output>
          </reporter-output>
        </test-method> <!-- tearDownClass -->
      </class> <!-- runner.Runner -->
    </test> <!-- LoginTest -->
  </suite> <!-- Suite -->
</testng-results>
